<?xml version="1.0" encoding="UTF-8"?>
<testng-results ignored="0" total="3" passed="3" failed="0" skipped="0">
  <reporter-output>
  </reporter-output>
  <suite started-at="2021-06-30T20:40:30 IST" name="Surefire suite" finished-at="2021-06-30T20:40:30 IST" duration-ms="64">
    <groups>
    </groups>
    <test started-at="2021-06-30T20:40:30 IST" name="Surefire test" finished-at="2021-06-30T20:40:30 IST" duration-ms="64">
      <class name="selenium.mavenjava.AppTest">
        <test-method signature="should()" started-at="2021-06-30T20:40:30 IST" name="should" finished-at="2021-06-30T20:40:30 IST" duration-ms="6" status="PASS">
          <reporter-output>
          </reporter-output>
        </test-method> <!-- should -->
      </class> <!-- selenium.mavenjava.AppTest -->
      <class name="selenium.mavenjava.selTest">
        <test-method signature="du()" started-at="2021-06-30T20:40:30 IST" name="du" finished-at="2021-06-30T20:40:30 IST" duration-ms="1" status="PASS">
          <reporter-output>
          </reporter-output>
        </test-method> <!-- du -->
        <test-method signature="adu()" started-at="2021-06-30T20:40:30 IST" name="adu" finished-at="2021-06-30T20:40:30 IST" duration-ms="2" status="PASS">
          <reporter-output>
          </reporter-output>
        </test-method> <!-- adu -->
      </class> <!-- selenium.mavenjava.selTest -->
    </test> <!-- Surefire test -->
  </suite> <!-- Surefire suite -->
</testng-results>
