<?xml version="1.0" encoding="UTF-8"?>
<!-- Generated by org.testng.reporters.JUnitXMLReporter -->
<testsuite ignored="0" hostname="user-PC" failures="0" tests="3" name="Surefire test" time="0.107" errors="0" timestamp="2021-06-30T20:18:44 IST">
  <testcase classname="selenium.mavenjava.AppTest" name="should on should(selenium.mavenjava.AppTest)" time="0.01"/>
  <testcase classname="selenium.mavenjava.selTest" name="du on du(selenium.mavenjava.selTest)" time="0.002"/>
  <testcase classname="selenium.mavenjava.selTest" name="adu on adu(selenium.mavenjava.selTest)" time="0.001"/>
</testsuite> <!-- Surefire test -->
