<?xml version="1.0" encoding="UTF-8"?>
<!-- Generated by org.testng.reporters.JUnitXMLReporter -->
<testsuite ignored="0" hostname="user-PC" failures="0" tests="3" name="Command line test" time="0.157" errors="0" timestamp="2021-06-30T20:52:05 IST">
  <testcase classname="selenium.mavenjava.apiTest" name="abd" time="0.015"/>
  <testcase classname="selenium.mavenjava.selTest" name="adu" time="0.001"/>
  <testcase classname="selenium.mavenjava.selTest" name="du" time="0.001"/>
</testsuite> <!-- Command line test -->
