<?xml version="1.0" encoding="UTF-8"?>
<testng-results ignored="0" total="1" passed="1" failed="0" skipped="0">
  <reporter-output>
  </reporter-output>
  <suite started-at="2021-06-30T20:40:29 IST" name="Surefire suite" finished-at="2021-06-30T20:40:30 IST" duration-ms="61">
    <groups>
    </groups>
    <test started-at="2021-06-30T20:40:29 IST" name="Surefire test" finished-at="2021-06-30T20:40:30 IST" duration-ms="61">
      <class name="selenium.mavenjava.apiTest">
        <test-method signature="abd()[pri:0, instance:selenium.mavenjava.apiTest@f4168b8]" started-at="2021-06-30T20:40:30 IST" name="abd" finished-at="2021-06-30T20:40:30 IST" duration-ms="6" status="PASS">
          <reporter-output>
          </reporter-output>
        </test-method> <!-- abd -->
      </class> <!-- selenium.mavenjava.apiTest -->
    </test> <!-- Surefire test -->
  </suite> <!-- Surefire suite -->
</testng-results>
