<?xml version="1.0" encoding="UTF-8"?>
<testng-results ignored="0" total="1" passed="1" failed="0" skipped="0">
  <reporter-output>
  </reporter-output>
  <suite started-at="2021-07-10T00:16:32 IST" name="Default suite" finished-at="2021-07-10T00:17:00 IST" duration-ms="27938">
    <groups>
    </groups>
    <test started-at="2021-07-10T00:16:32 IST" name="Default test" finished-at="2021-07-10T00:17:00 IST" duration-ms="27938">
      <class name="Testcase.Loginapp">
        <test-method signature="Login()[pri:0, instance:Testcase.Loginapp@2892dae4]" started-at="2021-07-10T00:16:33 IST" name="Login" finished-at="2021-07-10T00:17:00 IST" duration-ms="27811" status="PASS">
          <reporter-output>
          </reporter-output>
        </test-method> <!-- Login -->
      </class> <!-- Testcase.Loginapp -->
    </test> <!-- Default test -->
  </suite> <!-- Default suite -->
</testng-results>
